#
# There is insufficient memory for the Java Runtime Environment to continue.
# Native memory allocation (malloc) failed to allocate 1050816 bytes for Chunk::new
# Possible reasons:
#   The system is out of physical RAM or swap space
#   In 32 bit mode, the process size limit was hit
# Possible solutions:
#   Reduce memory load on the system
#   Increase physical memory or swap space
#   Check if swap backing store is full
#   Use 64 bit Java on a 64 bit OS
#   Decrease Java heap size (-Xmx/-Xms)
#   Decrease number of Java threads
#   Decrease Java thread stack sizes (-Xss)
#   Set larger code cache with -XX:ReservedCodeCacheSize=
# This output file may be truncated or incomplete.
#
#  Out of Memory Error (allocation.cpp:390), pid=13864, tid=0x0000000000003b74
#
# JRE version: OpenJDK Runtime Environment (8.0_152-b01) (build 1.8.0_152-release-1343-b01)
# Java VM: OpenJDK 64-Bit Server VM (25.152-b01 mixed mode windows-amd64 compressed oops)
# Failed to write core dump. Minidumps are not enabled by default on client versions of Windows
#

---------------  T H R E A D  ---------------

Current thread (0x0000000016054800):  JavaThread "C2 CompilerThread0" daemon [_thread_in_native, id=15220, stack(0x0000000017090000,0x0000000017190000)]

Stack: [0x0000000017090000,0x0000000017190000]
[error occurred during error reporting (printing stack bounds), id 0xc0000005]

Native frames: (J=compiled Java code, j=interpreted, Vv=VM code, C=native code)


Current CompileTask:
C2:4296896 22451       4       com.android.utils.XmlUtils::append (540 bytes)


---------------  P R O C E S S  ---------------

Java Threads: ( => current thread )
  0x000000001db12000 JavaThread "stdout" [_thread_in_native, id=16380, stack(0x00000000339f0000,0x0000000033af0000)]
  0x000000001db0a800 JavaThread "stderr" [_thread_in_native, id=10332, stack(0x00000000338f0000,0x00000000339f0000)]
  0x000000001db11800 JavaThread "pool-44-thread-1" [_thread_blocked, id=1340, stack(0x00000000337f0000,0x00000000338f0000)]
  0x000000001db10800 JavaThread "ForkJoinPool.commonPool-worker-1" daemon [_thread_blocked, id=7556, stack(0x00000000336f0000,0x00000000337f0000)]
  0x000000001db10000 JavaThread "Cache worker for execution history cache (C:\Users\Mehdi\AndroidStudioProjects\WeatherForcastProject\.gradle\5.1.1\executionHistory)" [_thread_blocked, id=20148, stack(0x00000000335f0000,0x00000000336f0000)]
  0x000000001db0f000 JavaThread "Execution worker for ':'" [_thread_blocked, id=20260, stack(0x00000000334f0000,0x00000000335f0000)]
  0x000000001db0e800 JavaThread "Cache worker for file content cache (C:\Users\Mehdi\AndroidStudioProjects\WeatherForcastProject\.gradle\5.1.1\fileContent)" [_thread_blocked, id=10636, stack(0x00000000333f0000,0x00000000334f0000)]
  0x000000001db0d000 JavaThread "Cache worker for Build Output Cleanup Cache (C:\Users\Mehdi\AndroidStudioProjects\WeatherForcastProject\.gradle\buildOutputCleanup)" [_thread_blocked, id=13920, stack(0x00000000332f0000,0x00000000333f0000)]
  0x000000001db0c000 JavaThread "Build operations Thread 2" [_thread_blocked, id=6756, stack(0x00000000331f0000,0x00000000332f0000)]
  0x000000001db0b800 JavaThread "Build operations" [_thread_blocked, id=12416, stack(0x00000000330f0000,0x00000000331f0000)]
  0x000000001db03000 JavaThread "Cache worker for cache directory md-rule (C:\Users\Mehdi\.gradle\caches\5.1.1\md-rule)" [_thread_blocked, id=2104, stack(0x0000000032ff0000,0x00000000330f0000)]
  0x000000001db07000 JavaThread "Cache worker for cache directory md-supplier (C:\Users\Mehdi\.gradle\caches\5.1.1\md-supplier)" [_thread_blocked, id=15272, stack(0x0000000032ef0000,0x0000000032ff0000)]
  0x000000001db05800 JavaThread "Cache worker for file hash cache (C:\Users\Mehdi\AndroidStudioProjects\WeatherForcastProject\.gradle\5.1.1\fileHashes)" [_thread_blocked, id=20300, stack(0x0000000032df0000,0x0000000032ef0000)]
  0x000000001db0a000 JavaThread "Thread-168" [_thread_blocked, id=10328, stack(0x0000000032cf0000,0x0000000032df0000)]
  0x000000001db09000 JavaThread "Stdin handler" [_thread_blocked, id=17688, stack(0x0000000032bf0000,0x0000000032cf0000)]
  0x000000001db04800 JavaThread "Asynchronous log dispatcher for DefaultDaemonConnection: socket connection from /127.0.0.1:58279 to /127.0.0.1:59551" [_thread_blocked, id=20284, stack(0x0000000032af0000,0x0000000032bf0000)]
  0x0000000018aa7000 JavaThread "Daemon worker Thread 9" [_thread_blocked, id=6872, stack(0x00000000329f0000,0x0000000032af0000)]
  0x0000000018aa2800 JavaThread "Cancel handler" [_thread_blocked, id=11304, stack(0x00000000328f0000,0x00000000329f0000)]
  0x0000000018aa2000 JavaThread "Handler for socket connection from /127.0.0.1:58279 to /127.0.0.1:59551" [_thread_in_native, id=19056, stack(0x00000000327f0000,0x00000000328f0000)]
  0x0000000018aa1000 JavaThread "Daemon Thread 9" [_thread_blocked, id=4144, stack(0x00000000326f0000,0x00000000327f0000)]
  0x000000001ba7d800 JavaThread "Cache worker for Java compile cache (C:\Users\Mehdi\.gradle\caches\5.1.1\javaCompile)" [_thread_blocked, id=1312, stack(0x0000000021250000,0x0000000021350000)]
  0x000000001ba71800 JavaThread "Cache worker for file content cache (C:\Users\Mehdi\.gradle\caches\5.1.1\fileContent)" [_thread_blocked, id=14288, stack(0x0000000020750000,0x0000000020850000)]
  0x000000001ba76000 JavaThread "Memory manager" [_thread_blocked, id=16716, stack(0x0000000020450000,0x0000000020550000)]
  0x000000001ba76800 JavaThread "Cache worker for execution history cache (C:\Users\Mehdi\.gradle\caches\5.1.1\executionHistory)" [_thread_blocked, id=19376, stack(0x000000001e550000,0x000000001e650000)]
  0x0000000018aa4000 JavaThread "Cache worker for journal cache (C:\Users\Mehdi\.gradle\caches\journal-1)" [_thread_blocked, id=16440, stack(0x000000001a3e0000,0x000000001a4e0000)]
  0x0000000018aa6800 JavaThread "File lock request listener" [_thread_in_native, id=15000, stack(0x000000001a2e0000,0x000000001a3e0000)]
  0x0000000018825000 JavaThread "Cache worker for file hash cache (C:\Users\Mehdi\.gradle\caches\5.1.1\fileHashes)" [_thread_blocked, id=3980, stack(0x000000001a1e0000,0x000000001a2e0000)]
  0x0000000018717800 JavaThread "Daemon periodic checks" [_thread_blocked, id=11948, stack(0x00000000198e0000,0x00000000199e0000)]
  0x0000000017736000 JavaThread "Incoming local TCP Connector on port 58279" [_thread_in_native, id=11496, stack(0x00000000195a0000,0x00000000196a0000)]
  0x00000000160b4800 JavaThread "Service Thread" daemon [_thread_blocked, id=11320, stack(0x0000000017290000,0x0000000017390000)]
  0x00000000160b2000 JavaThread "C1 CompilerThread1" daemon [_thread_blocked, id=16072, stack(0x0000000017190000,0x0000000017290000)]
=>0x0000000016054800 JavaThread "C2 CompilerThread0" daemon [_thread_in_native, id=15220, stack(0x0000000017090000,0x0000000017190000)]
  0x0000000016053000 JavaThread "Attach Listener" daemon [_thread_blocked, id=1752, stack(0x0000000016f90000,0x0000000017090000)]
  0x0000000016061800 JavaThread "Signal Dispatcher" daemon [_thread_blocked, id=2472, stack(0x0000000016e90000,0x0000000016f90000)]
  0x0000000016047000 JavaThread "Finalizer" daemon [_thread_blocked, id=15532, stack(0x0000000016ca0000,0x0000000016da0000)]
  0x000000000291e000 JavaThread "Reference Handler" daemon [_thread_blocked, id=13792, stack(0x0000000016ba0000,0x0000000016ca0000)]
  0x0000000000a5e000 JavaThread "main" [_thread_blocked, id=20100, stack(0x0000000002730000,0x0000000002830000)]

Other Threads:
  0x0000000016026000 VMThread [stack: 0x0000000016aa0000,0x0000000016ba0000] [id=14720]
  0x00000000160b7000 WatcherThread [stack: 0x0000000017390000,0x0000000017490000] [id=9884]

VM state:not at safepoint (normal execution)

VM Mutex/Monitor currently owned by a thread: None

Heap:
 PSYoungGen      total 232960K, used 215712K [0x00000000e0000000, 0x00000000f4900000, 0x0000000100000000)
  eden space 194560K, 91% used [0x00000000e0000000,0x00000000ead2b4c0,0x00000000ebe00000)
  from space 38400K, 99% used [0x00000000ef400000,0x00000000f197cb68,0x00000000f1980000)
  to   space 55296K, 0% used [0x00000000ebe00000,0x00000000ebe00000,0x00000000ef400000)
 ParOldGen       total 209920K, used 109584K [0x00000000a0000000, 0x00000000acd00000, 0x00000000e0000000)
  object space 209920K, 52% used [0x00000000a0000000,0x00000000a6b043f0,0x00000000acd00000)
 Metaspace       used 97711K, capacity 102748K, committed 103000K, reserved 1138688K
  class space    used 12259K, capacity 13147K, committed 13184K, reserved 1048576K

Card table byte_map: [0x0000000011cf0000,0x0000000012000000] byte_map_base: 0x00000000117f0000

Marking Bits: (ParMarkBitMap*) 0x000000006cd25aa0
 Begin Bits: [0x0000000012400000, 0x0000000013c00000)
 End Bits:   [0x0000000013c00000, 0x0000000015400000)

Polling page: 0x0000000000a20000

CodeCache: size=245760Kb used=60275Kb max_used=60797Kb free=185484Kb
 bounds [0x0000000002930000, 0x00000000064f0000, 0x0000000011930000]
 total_blobs=18450 nmethods=17542 adapters=819
 compilation: enabled

Compilation events (10 events):
Event: 4295.800 Thread 0x00000000160b2000 nmethod 22447 0x00000000042fb810 code [0x00000000042fb9a0, 0x00000000042fbd28]
Event: 4295.800 Thread 0x00000000160b2000 22448       3       com.android.ide.common.resources.NodeUtils::getPrefixForNs (71 bytes)
Event: 4295.801 Thread 0x00000000160b2000 nmethod 22448 0x0000000005570710 code [0x0000000005570900, 0x00000000055712a8]
Event: 4295.801 Thread 0x00000000160b2000 22449       3       com.sun.org.apache.xerces.internal.dom.ElementNSImpl::setPrefix (222 bytes)
Event: 4295.803 Thread 0x00000000160b2000 nmethod 22449 0x00000000050a1c50 code [0x00000000050a1fa0, 0x00000000050a3998]
Event: 4295.804 Thread 0x0000000016054800 22450       4       com.android.utils.XmlUtils::toXmlAttributeValue (89 bytes)
Event: 4295.812 Thread 0x0000000016054800 nmethod 22450 0x00000000044770d0 code [0x0000000004477240, 0x00000000044776f8]
Event: 4295.813 Thread 0x0000000016054800 22451       4       com.android.utils.XmlUtils::append (540 bytes)
Event: 4295.945 Thread 0x00000000160b2000 22452       3       java.security.AccessControlContext::optimize (318 bytes)
Event: 4295.947 Thread 0x00000000160b2000 nmethod 22452 0x0000000004349610 code [0x0000000004349940, 0x000000000434b248]

GC Heap History (10 events):
Event: 3895.350 GC heap before
{Heap before GC invocations=24 (full 4):
 PSYoungGen      total 189952K, used 175104K [0x00000000e0000000, 0x00000000edd00000, 0x0000000100000000)
  eden space 175104K, 100% used [0x00000000e0000000,0x00000000eab00000,0x00000000eab00000)
  from space 14848K, 0% used [0x00000000eb580000,0x00000000eb580000,0x00000000ec400000)
  to   space 25600K, 0% used [0x00000000ec400000,0x00000000ec400000,0x00000000edd00000)
 ParOldGen       total 209920K, used 44714K [0x00000000a0000000, 0x00000000acd00000, 0x00000000e0000000)
  object space 209920K, 21% used [0x00000000a0000000,0x00000000a2baa8a0,0x00000000acd00000)
 Metaspace       used 95897K, capacity 100738K, committed 101080K, reserved 1136640K
  class space    used 12122K, capacity 12966K, committed 13056K, reserved 1048576K
Event: 3895.387 GC heap after
Heap after GC invocations=24 (full 4):
 PSYoungGen      total 201216K, used 11694K [0x00000000e0000000, 0x00000000ee200000, 0x0000000100000000)
  eden space 175616K, 0% used [0x00000000e0000000,0x00000000e0000000,0x00000000eab80000)
  from space 25600K, 45% used [0x00000000ec400000,0x00000000ecf6bb70,0x00000000edd00000)
  to   space 25088K, 0% used [0x00000000eab80000,0x00000000eab80000,0x00000000ec400000)
 ParOldGen       total 209920K, used 44722K [0x00000000a0000000, 0x00000000acd00000, 0x00000000e0000000)
  object space 209920K, 21% used [0x00000000a0000000,0x00000000a2bac8a0,0x00000000acd00000)
 Metaspace       used 95897K, capacity 100738K, committed 101080K, reserved 1136640K
  class space    used 12122K, capacity 12966K, committed 13056K, reserved 1048576K
}
Event: 3910.577 GC heap before
{Heap before GC invocations=25 (full 4):
 PSYoungGen      total 201216K, used 187310K [0x00000000e0000000, 0x00000000ee200000, 0x0000000100000000)
  eden space 175616K, 100% used [0x00000000e0000000,0x00000000eab80000,0x00000000eab80000)
  from space 25600K, 45% used [0x00000000ec400000,0x00000000ecf6bb70,0x00000000edd00000)
  to   space 25088K, 0% used [0x00000000eab80000,0x00000000eab80000,0x00000000ec400000)
 ParOldGen       total 209920K, used 44722K [0x00000000a0000000, 0x00000000acd00000, 0x00000000e0000000)
  object space 209920K, 21% used [0x00000000a0000000,0x00000000a2bac8a0,0x00000000acd00000)
 Metaspace       used 96335K, capacity 101258K, committed 101336K, reserved 1138688K
  class space    used 12163K, capacity 13018K, committed 13056K, reserved 1048576K
Event: 3910.615 GC heap after
Heap after GC invocations=25 (full 4):
 PSYoungGen      total 200704K, used 15499K [0x00000000e0000000, 0x00000000ee200000, 0x0000000100000000)
  eden space 175616K, 0% used [0x00000000e0000000,0x00000000e0000000,0x00000000eab80000)
  from space 25088K, 61% used [0x00000000eab80000,0x00000000ebaa2e80,0x00000000ec400000)
  to   space 24576K, 0% used [0x00000000eca00000,0x00000000eca00000,0x00000000ee200000)
 ParOldGen       total 209920K, used 44730K [0x00000000a0000000, 0x00000000acd00000, 0x00000000e0000000)
  object space 209920K, 21% used [0x00000000a0000000,0x00000000a2bae8a0,0x00000000acd00000)
 Metaspace       used 96335K, capacity 101258K, committed 101336K, reserved 1138688K
  class space    used 12163K, capacity 13018K, committed 13056K, reserved 1048576K
}
Event: 3921.881 GC heap before
{Heap before GC invocations=26 (full 4):
 PSYoungGen      total 200704K, used 191039K [0x00000000e0000000, 0x00000000ee200000, 0x0000000100000000)
  eden space 175616K, 99% used [0x00000000e0000000,0x00000000eab6d080,0x00000000eab80000)
  from space 25088K, 61% used [0x00000000eab80000,0x00000000ebaa2e80,0x00000000ec400000)
  to   space 24576K, 0% used [0x00000000eca00000,0x00000000eca00000,0x00000000ee200000)
 ParOldGen       total 209920K, used 44730K [0x00000000a0000000, 0x00000000acd00000, 0x00000000e0000000)
  object space 209920K, 21% used [0x00000000a0000000,0x00000000a2bae8a0,0x00000000acd00000)
 Metaspace       used 97031K, capacity 102032K, committed 102232K, reserved 1138688K
  class space    used 12220K, capacity 13083K, committed 13184K, reserved 1048576K
Event: 3921.913 GC heap after
Heap after GC invocations=26 (full 4):
 PSYoungGen      total 205824K, used 13259K [0x00000000e0000000, 0x00000000ee080000, 0x0000000100000000)
  eden space 182784K, 0% used [0x00000000e0000000,0x00000000e0000000,0x00000000eb280000)
  from space 23040K, 57% used [0x00000000eca00000,0x00000000ed6f2f88,0x00000000ee080000)
  to   space 23552K, 0% used [0x00000000eb280000,0x00000000eb280000,0x00000000ec980000)
 ParOldGen       total 209920K, used 44730K [0x00000000a0000000, 0x00000000acd00000, 0x00000000e0000000)
  object space 209920K, 21% used [0x00000000a0000000,0x00000000a2bae8a0,0x00000000acd00000)
 Metaspace       used 97031K, capacity 102032K, committed 102232K, reserved 1138688K
  class space    used 12220K, capacity 13083K, committed 13184K, reserved 1048576K
}
Event: 3927.654 GC heap before
{Heap before GC invocations=27 (full 4):
 PSYoungGen      total 205824K, used 195734K [0x00000000e0000000, 0x00000000ee080000, 0x0000000100000000)
  eden space 182784K, 99% used [0x00000000e0000000,0x00000000eb2329c0,0x00000000eb280000)
  from space 23040K, 57% used [0x00000000eca00000,0x00000000ed6f2f88,0x00000000ee080000)
  to   space 23552K, 0% used [0x00000000eb280000,0x00000000eb280000,0x00000000ec980000)
 ParOldGen       total 209920K, used 44730K [0x00000000a0000000, 0x00000000acd00000, 0x00000000e0000000)
  object space 209920K, 21% used [0x00000000a0000000,0x00000000a2bae8a0,0x00000000acd00000)
 Metaspace       used 97345K, capacity 102300K, committed 102488K, reserved 1138688K
  class space    used 12238K, capacity 13087K, committed 13184K, reserved 1048576K
Event: 3927.930 GC heap after
Heap after GC invocations=27 (full 4):
 PSYoungGen      total 206336K, used 23536K [0x00000000e0000000, 0x00000000f1980000, 0x0000000100000000)
  eden space 182784K, 0% used [0x00000000e0000000,0x00000000e0000000,0x00000000eb280000)
  from space 23552K, 99% used [0x00000000eb280000,0x00000000ec97c070,0x00000000ec980000)
  to   space 38400K, 0% used [0x00000000ef400000,0x00000000ef400000,0x00000000f1980000)
 ParOldGen       total 209920K, used 77930K [0x00000000a0000000, 0x00000000acd00000, 0x00000000e0000000)
  object space 209920K, 37% used [0x00000000a0000000,0x00000000a4c1ab08,0x00000000acd00000)
 Metaspace       used 97345K, capacity 102300K, committed 102488K, reserved 1138688K
  class space    used 12238K, capacity 13087K, committed 13184K, reserved 1048576K
}
Event: 3932.718 GC heap before
{Heap before GC invocations=28 (full 4):
 PSYoungGen      total 206336K, used 206320K [0x00000000e0000000, 0x00000000f1980000, 0x0000000100000000)
  eden space 182784K, 100% used [0x00000000e0000000,0x00000000eb280000,0x00000000eb280000)
  from space 23552K, 99% used [0x00000000eb280000,0x00000000ec97c070,0x00000000ec980000)
  to   space 38400K, 0% used [0x00000000ef400000,0x00000000ef400000,0x00000000f1980000)
 ParOldGen       total 209920K, used 77930K [0x00000000a0000000, 0x00000000acd00000, 0x00000000e0000000)
  object space 209920K, 37% used [0x00000000a0000000,0x00000000a4c1ab08,0x00000000acd00000)
 Metaspace       used 97424K, capacity 102364K, committed 102488K, reserved 1138688K
  class space    used 12239K, capacity 13087K, committed 13184K, reserved 1048576K
Event: 3933.137 GC heap after
Heap after GC invocations=28 (full 4):
 PSYoungGen      total 232960K, used 38386K [0x00000000e0000000, 0x00000000f4900000, 0x0000000100000000)
  eden space 194560K, 0% used [0x00000000e0000000,0x00000000e0000000,0x00000000ebe00000)
  from space 38400K, 99% used [0x00000000ef400000,0x00000000f197cb68,0x00000000f1980000)
  to   space 55296K, 0% used [0x00000000ebe00000,0x00000000ebe00000,0x00000000ef400000)
 ParOldGen       total 209920K, used 109584K [0x00000000a0000000, 0x00000000acd00000, 0x00000000e0000000)
  object space 209920K, 52% used [0x00000000a0000000,0x00000000a6b043f0,0x00000000acd00000)
 Metaspace       used 97424K, capacity 102364K, committed 102488K, reserved 1138688K
  class space    used 12239K, capacity 13087K, committed 13184K, reserved 1048576K
}

Deoptimization events (10 events):
Event: 3932.574 Thread 0x000000001ba74800 Uncommon trap: reason=array_check action=maybe_recompile pc=0x00000000047271e0 method=java.util.TimSort.mergeHi(IIII)V @ 171
Event: 3932.577 Thread 0x000000001ba74800 Uncommon trap: reason=array_check action=maybe_recompile pc=0x00000000047271e0 method=java.util.TimSort.mergeHi(IIII)V @ 171
Event: 3932.582 Thread 0x000000001ba74800 Uncommon trap: reason=array_check action=maybe_recompile pc=0x0000000004a74060 method=java.util.TimSort.mergeHi(IIII)V @ 250
Event: 3932.674 Thread 0x000000001ba74800 Uncommon trap: reason=array_check action=maybe_recompile pc=0x0000000006338fe4 method=java.util.TimSort.mergeHi(IIII)V @ 282
Event: 3932.674 Thread 0x000000001ba74800 Uncommon trap: reason=array_check action=maybe_recompile pc=0x0000000006338fe4 method=java.util.TimSort.mergeHi(IIII)V @ 282
Event: 4292.751 Thread 0x000000001db04800 Uncommon trap: reason=unstable_if action=reinterpret pc=0x000000000484dd74 method=com.esotericsoftware.kryo.io.Output.writeVarLong(JZ)I @ 55
Event: 4295.320 Thread 0x0000000018aa7000 Uncommon trap: reason=class_check action=maybe_recompile pc=0x000000000331adf4 method=com.sun.org.apache.xerces.internal.dom.NamedNodeMapImpl.getNamedItem(Ljava/lang/String;)Lorg/w3c/dom/Node; @ 28
Event: 4295.320 Thread 0x0000000018aa7000 Uncommon trap: reason=class_check action=maybe_recompile pc=0x000000000331adf4 method=com.sun.org.apache.xerces.internal.dom.NamedNodeMapImpl.getNamedItem(Ljava/lang/String;)Lorg/w3c/dom/Node; @ 28
Event: 4295.320 Thread 0x0000000018aa7000 Uncommon trap: reason=class_check action=maybe_recompile pc=0x000000000331adf4 method=com.sun.org.apache.xerces.internal.dom.NamedNodeMapImpl.getNamedItem(Ljava/lang/String;)Lorg/w3c/dom/Node; @ 28
Event: 4295.320 Thread 0x0000000018aa7000 Uncommon trap: reason=class_check action=maybe_recompile pc=0x000000000331adf4 method=com.sun.org.apache.xerces.internal.dom.NamedNodeMapImpl.getNamedItem(Ljava/lang/String;)Lorg/w3c/dom/Node; @ 28

Classes redefined (0 events):
No events

Internal exceptions (10 events):
Event: 3930.504 Thread 0x0000000018aa2000 Exception <a 'sun/nio/fs/WindowsException'> (0x00000000e60d45f0) thrown at [D:\src\AOSP-openjdk-cygwin\jdk8u\hotspot\src\share\vm\prims\jni.cpp, line 709]
Event: 3931.042 Thread 0x0000000018aa2000 Exception <a 'sun/nio/fs/WindowsException'> (0x00000000e66b3308) thrown at [D:\src\AOSP-openjdk-cygwin\jdk8u\hotspot\src\share\vm\prims\jni.cpp, line 709]
Event: 3931.561 Thread 0x000000001ba7c000 Exception <a 'sun/nio/fs/WindowsException'> (0x00000000e65dfca8) thrown at [D:\src\AOSP-openjdk-cygwin\jdk8u\hotspot\src\share\vm\prims\jni.cpp, line 709]
Event: 3931.580 Thread 0x0000000018aa2000 Exception <a 'sun/nio/fs/WindowsException'> (0x00000000e71e0028) thrown at [D:\src\AOSP-openjdk-cygwin\jdk8u\hotspot\src\share\vm\prims\jni.cpp, line 709]
Event: 3931.852 Thread 0x0000000018aa2000 Exception <a 'sun/nio/fs/WindowsException'> (0x00000000e77bdd70) thrown at [D:\src\AOSP-openjdk-cygwin\jdk8u\hotspot\src\share\vm\prims\jni.cpp, line 709]
Event: 3931.964 Thread 0x000000001ba80000 Exception <a 'sun/nio/fs/WindowsException'> (0x00000000e7cf0d90) thrown at [D:\src\AOSP-openjdk-cygwin\jdk8u\hotspot\src\share\vm\prims\jni.cpp, line 709]
Event: 3931.967 Thread 0x000000001ba7c000 Exception <a 'sun/nio/fs/WindowsException'> (0x00000000e7d39f50) thrown at [D:\src\AOSP-openjdk-cygwin\jdk8u\hotspot\src\share\vm\prims\jni.cpp, line 709]
Event: 3932.420 Thread 0x000000001ba7e800 Exception <a 'sun/nio/fs/WindowsException'> (0x00000000e9c0c3b8) thrown at [D:\src\AOSP-openjdk-cygwin\jdk8u\hotspot\src\share\vm\prims\jni.cpp, line 709]
Event: 3933.690 Thread 0x000000001ba74800 Exception <a 'sun/nio/fs/WindowsException'> (0x00000000e0ca8dc8) thrown at [D:\src\AOSP-openjdk-cygwin\jdk8u\hotspot\src\share\vm\prims\jni.cpp, line 709]
Event: 4292.173 Thread 0x0000000018aa7000 Exception <a 'sun/nio/fs/WindowsException'> (0x00000000e5fa6698) thrown at [D:\src\AOSP-openjdk-cygwin\jdk8u\hotspot\src\share\vm\prims\jni.cpp, line 709]

Events (10 events):
Event: 4295.320 Thread 0x0000000018aa7000 DEOPT PACKING pc=0x000000000331adf4 sp=0x0000000032ae91b0
Event: 4295.320 Thread 0x0000000018aa7000 DEOPT UNPACKING pc=0x000000000297557b sp=0x0000000032ae9180 mode 2
Event: 4295.446 Thread 0x0000000018aa7000 DEOPT PACKING pc=0x0000000002eeec8d sp=0x0000000032ae9660
Event: 4295.446 Thread 0x0000000018aa7000 DEOPT UNPACKING pc=0x00000000029771d0 sp=0x0000000032ae9378 mode 0
Event: 4295.812 Thread 0x0000000018aa7000 DEOPT PACKING pc=0x0000000004aced15 sp=0x0000000032ae8f10
Event: 4295.812 Thread 0x0000000018aa7000 DEOPT UNPACKING pc=0x00000000029771d0 sp=0x0000000032ae8c78 mode 0
Event: 4295.939 Thread 0x000000001db10800 Thread added: 0x000000001db10800
Event: 4295.939 Thread 0x000000001db11800 Thread added: 0x000000001db11800
Event: 4295.948 Thread 0x000000001db0a800 Thread added: 0x000000001db0a800
Event: 4295.948 Thread 0x000000001db12000 Thread added: 0x000000001db12000


Dynamic libraries:
0x00007ff6dbcd0000 - 0x00007ff6dbd01000 	C:\Program Files\Android\Android Studio\jre\bin\java.exe
0x00007ffc8dcf0000 - 0x00007ffc8ded1000 	C:\WINDOWS\SYSTEM32\ntdll.dll
0x00007ffc8c140000 - 0x00007ffc8c1f1000 	C:\WINDOWS\System32\KERNEL32.DLL
0x00007ffc8a670000 - 0x00007ffc8a8e3000 	C:\WINDOWS\System32\KERNELBASE.dll
0x00007ffc8d730000 - 0x00007ffc8d7d1000 	C:\WINDOWS\System32\ADVAPI32.dll
0x00007ffc8bb90000 - 0x00007ffc8bc2e000 	C:\WINDOWS\System32\msvcrt.dll
0x00007ffc8ba00000 - 0x00007ffc8ba5b000 	C:\WINDOWS\System32\sechost.dll
0x00007ffc8d7e0000 - 0x00007ffc8d904000 	C:\WINDOWS\System32\RPCRT4.dll
0x00007ffc8b6a0000 - 0x00007ffc8b830000 	C:\WINDOWS\System32\USER32.dll
0x00007ffc8a1c0000 - 0x00007ffc8a1e0000 	C:\WINDOWS\System32\win32u.dll
0x00007ffc8b830000 - 0x00007ffc8b858000 	C:\WINDOWS\System32\GDI32.dll
0x00007ffc8a470000 - 0x00007ffc8a602000 	C:\WINDOWS\System32\gdi32full.dll
0x00007ffc8a3d0000 - 0x00007ffc8a46f000 	C:\WINDOWS\System32\msvcp_win.dll
0x00007ffc8a0c0000 - 0x00007ffc8a1b8000 	C:\WINDOWS\System32\ucrtbase.dll
0x00007ffc7f6e0000 - 0x00007ffc7f949000 	C:\WINDOWS\WinSxS\amd64_microsoft.windows.common-controls_6595b64144ccf1df_6.0.17134.706_none_fb43a2cb30647007\COMCTL32.dll
0x00007ffc8d980000 - 0x00007ffc8dca2000 	C:\WINDOWS\System32\combase.dll
0x00007ffc8b0b0000 - 0x00007ffc8b12a000 	C:\WINDOWS\System32\bcryptPrimitives.dll
0x00007ffc8d700000 - 0x00007ffc8d72d000 	C:\WINDOWS\System32\IMM32.DLL
0x000000006c480000 - 0x000000006c552000 	C:\Program Files\Android\Android Studio\jre\jre\bin\msvcr100.dll
0x000000006c560000 - 0x000000006cda1000 	C:\Program Files\Android\Android Studio\jre\jre\bin\server\jvm.dll
0x00007ffc8dcb0000 - 0x00007ffc8dcb8000 	C:\WINDOWS\System32\PSAPI.DLL
0x00007ffc68370000 - 0x00007ffc68379000 	C:\WINDOWS\SYSTEM32\WSOCK32.dll
0x00007ffc8d910000 - 0x00007ffc8d97c000 	C:\WINDOWS\System32\WS2_32.dll
0x00007ffc87eb0000 - 0x00007ffc87ed3000 	C:\WINDOWS\SYSTEM32\WINMM.dll
0x00007ffc81550000 - 0x00007ffc8155a000 	C:\WINDOWS\SYSTEM32\VERSION.dll
0x00007ffc87e80000 - 0x00007ffc87eaa000 	C:\WINDOWS\SYSTEM32\WINMMBASE.dll
0x00007ffc8b130000 - 0x00007ffc8b179000 	C:\WINDOWS\System32\cfgmgr32.dll
0x00007ffc86810000 - 0x00007ffc8681f000 	C:\Program Files\Android\Android Studio\jre\jre\bin\verify.dll
0x00007ffc85cf0000 - 0x00007ffc85d19000 	C:\Program Files\Android\Android Studio\jre\jre\bin\java.dll
0x00007ffc867b0000 - 0x00007ffc867c6000 	C:\Program Files\Android\Android Studio\jre\jre\bin\zip.dll
0x00007ffc8c260000 - 0x00007ffc8d6a0000 	C:\WINDOWS\System32\SHELL32.dll
0x00007ffc8b860000 - 0x00007ffc8b909000 	C:\WINDOWS\System32\shcore.dll
0x00007ffc8a8f0000 - 0x00007ffc8affd000 	C:\WINDOWS\System32\windows.storage.dll
0x00007ffc8bb30000 - 0x00007ffc8bb81000 	C:\WINDOWS\System32\shlwapi.dll
0x00007ffc8a080000 - 0x00007ffc8a091000 	C:\WINDOWS\System32\kernel.appcore.dll
0x00007ffc8a0a0000 - 0x00007ffc8a0bf000 	C:\WINDOWS\System32\profapi.dll
0x00007ffc8a000000 - 0x00007ffc8a04c000 	C:\WINDOWS\System32\powrprof.dll
0x00007ffc8a050000 - 0x00007ffc8a05a000 	C:\WINDOWS\System32\FLTLIB.DLL
0x00007ffc83920000 - 0x00007ffc8393a000 	C:\Program Files\Android\Android Studio\jre\jre\bin\net.dll
0x00007ffc89880000 - 0x00007ffc898e6000 	C:\WINDOWS\system32\mswsock.dll
0x00007ffc82e30000 - 0x00007ffc82e41000 	C:\Program Files\Android\Android Studio\jre\jre\bin\nio.dll
0x00007ffc7b100000 - 0x00007ffc7b11e000 	C:\Users\Mehdi\.gradle\native\25\windows-amd64\native-platform.dll
0x00007ffc86750000 - 0x00007ffc8675d000 	C:\Program Files\Android\Android Studio\jre\jre\bin\management.dll
0x00007ffc89a30000 - 0x00007ffc89a47000 	C:\WINDOWS\SYSTEM32\CRYPTSP.dll
0x00007ffc89460000 - 0x00007ffc89493000 	C:\WINDOWS\system32\rsaenh.dll
0x00007ffc89b60000 - 0x00007ffc89b85000 	C:\WINDOWS\SYSTEM32\bcrypt.dll
0x00007ffc89f30000 - 0x00007ffc89f58000 	C:\WINDOWS\SYSTEM32\USERENV.dll
0x00007ffc89a50000 - 0x00007ffc89a5b000 	C:\WINDOWS\SYSTEM32\CRYPTBASE.dll
0x00007ffc89600000 - 0x00007ffc89638000 	C:\WINDOWS\SYSTEM32\IPHLPAPI.DLL
0x00007ffc8b690000 - 0x00007ffc8b698000 	C:\WINDOWS\System32\NSI.dll
0x00007ffc7f950000 - 0x00007ffc7f966000 	C:\WINDOWS\SYSTEM32\dhcpcsvc6.DLL
0x00007ffc7f520000 - 0x00007ffc7f53a000 	C:\WINDOWS\SYSTEM32\dhcpcsvc.DLL
0x00007ffc890f0000 - 0x00007ffc89121000 	C:\WINDOWS\SYSTEM32\ntmarta.dll

VM Arguments:
jvm_args: -Xmx1536m -Dfile.encoding=windows-1252 -Duser.country=US -Duser.language=en -Duser.variant 
java_command: org.gradle.launcher.daemon.bootstrap.GradleDaemon 5.1.1
java_class_path (initial): C:\Users\Mehdi\.gradle\wrapper\dists\gradle-5.1.1-all\97z1ksx6lirer3kbvdnh7jtjg\gradle-5.1.1\lib\gradle-launcher-5.1.1.jar
Launcher Type: SUN_STANDARD

Environment Variables:
CLASSPATH=.;C:\Program Files (x86)\Java\jre7\lib\ext\QTJava.zip
PATH=C:\Program Files (x86)\Common Files\Oracle\Java\javapath;C:\ProgramData\Oracle\Java\javapath;C:\PROGRAM FILES\BROADCOM\BROADCOM 802.11 NETWORK ADAPTER;C:\PROGRAM FILES (X86)\INTEL\ICLS CLIENT\;C:\PROGRAM FILES\INTEL\ICLS CLIENT\;C:\WINDOWS\SYSTEM32;C:\WINDOWS;C:\WINDOWS\SYSTEM32\WBEM;C:\WINDOWS\SYSTEM32\WINDOWSPOWERSHELL\V1.0\;C:\PROGRAM FILES\INTEL\INTEL(R) MANAGEMENT ENGINE COMPONENTS\DAL;C:\PROGRAM FILES\INTEL\INTEL(R) MANAGEMENT ENGINE COMPONENTS\IPT;C:\PROGRAM FILES (X86)\INTEL\INTEL(R) MANAGEMENT ENGINE COMPONENTS\DAL;C:\PROGRAM FILES (X86)\INTEL\INTEL(R) MANAGEMENT ENGINE COMPONENTS\IPT;C:\PROGRAM FILES (X86)\INTEL\OPENCL SDK\3.0\BIN\X86;C:\PROGRAM FILES (X86)\INTEL\OPENCL SDK\3.0\BIN\X64;C:\PROGRAM FILES\SONY\VAIO IMPROVEMENT;C:\PROGRAM FILES (X86)\SONY\VAIO BIOS DATA TRANSFER UTILITY\;C:\PROGRAM FILES (X86)\SONY\VAIO STARTUP SETTING TOOL;C:\Program Files\WIDCOMM\Bluetooth Software\;C:\Program Files\WIDCOMM\Bluetooth Software\syswow64;C:\Program Files (x86)\Skype\Phone\;C:\Program Files (x86)\QuickTime\QTSystem\;C:\WINDOWS\system32;C:\WINDOWS;C:\WINDOWS\System32\Wbem;C:\WINDOWS\System32\WindowsPowerShell\v1.0\;C:\WINDOWS\System32\OpenSSH\;C:\Program Files\Git\cmd;C:\Users\Mehdi\AppData\Local\Microsoft\WindowsApps;
USERNAME=Programer
OS=Windows_NT
PROCESSOR_IDENTIFIER=Intel64 Family 6 Model 69 Stepping 1, GenuineIntel



---------------  S Y S T E M  ---------------

OS: Windows 10.0 , 64 bit Build 17134 (10.0.17134.706)

CPU:total 2 (initial active 2) (2 cores per cpu, 1 threads per core) family 6 network 69 stepping 1, cmov, cx8, fxsr, mmx, sse, sse2, sse3, ssse3, sse4.1, sse4.2, popcnt, clmul, erms, lzcnt, tsc, tscinvbit

Memory: 4k page, physical 8298284k(1615972k free), swap 12394284k(4792k free)

vm_info: OpenJDK 64-Bit Server VM (25.152-b01) for windows-amd64 JRE (1.8.0_152-release-1343-b01), built by "builder" with MS VC++ 10.0 (VS2010)

time: Thu Aug 29 21:24:27 2019
elapsed time: 4296 seconds (0d 1h 11m 36s)

